<?xml version="1.0" encoding="utf-8"?><testsuites><testsuite name="pytest" errors="0" failures="0" skipped="0" tests="5" time="0.259" timestamp="2023-06-05T18:47:28.083082" hostname="MacBook-Pro-de-Estenio.local"><testcase classname="tests.test_bytebank.TestClass" name="test_quando_idade_recebe_19_04_1994_deve_retornar_29" time="0.008" /><testcase classname="tests.test_bytebank.TestClass" name="test_quando_sobrenome_recebe_Estenio_Miquelin_Ribeiro_Alves_deve_retornar_Alves" time="0.003" /><testcase classname="tests.test_bytebank.TestClass" name="test_quando_decrescimo_salario_recebe_100000_deve_retornar_90000" time="0.003" /><testcase classname="tests.test_bytebank.TestClass" name="test_quando_calcular_bonus_recebe_1000_deve_retornar_100" time="0.003" /><testcase classname="tests.test_bytebank.TestClass" name="test_quando_calcular_bonus_recebe_100000000_deve_retornar_exception" time="0.004" /></testsuite></testsuites>